26/12/12 15:03:33 INFO  space - Importing design space 'config' defining 11 parameters.
26/12/12 15:03:33 INFO  design - [config:config]evaluator=javascript
26/12/12 15:03:33 INFO  design - [config:config]random=standard
26/12/12 15:03:33 INFO  design - [config:config]threadSafe=false
26/12/12 15:03:33 INFO  design - [config:config]logging=true
26/12/12 15:03:33 INFO  design - [config:config]injection=true
26/12/12 15:03:33 INFO  design - [config:config]runtimeValidation=false
26/12/12 15:03:33 INFO  design - [config:config]schemaPath=http://TheInPUT.org/
26/12/12 15:03:33 INFO  space - Importing design space 'performanceSpace' defining 1 parameters.
26/12/12 15:03:33 INFO  design - [performanceSpace:1356274766327]performance=an array of user defined dimensions
26/12/12 15:03:33 INFO  design - [performanceSpace:1356274766327]performance.1=an array of user defined dimensions
26/12/12 15:03:33 INFO  design - [performanceSpace:1356274766327]performance.1.1=2544
26/12/12 15:03:33 INFO  design - [performanceSpace:1356274766327]performance.1.2=1808
26/12/12 15:03:33 INFO  design - [performanceSpace:1356274766327]performance.1.3=2501
26/12/12 15:03:33 INFO  design - [performanceSpace:1356274766327]performance.2=an array of user defined dimensions
26/12/12 15:03:33 INFO  design - [performanceSpace:1356274766327]performance.2.1=1263
26/12/12 15:03:33 INFO  design - [performanceSpace:1356274766327]performance.2.2=1154
26/12/12 15:03:33 INFO  design - [performanceSpace:1356274766327]performance.2.3=1041
26/12/12 15:03:33 INFO  design - [performanceSpace:1356274766327]performance.3=an array of user defined dimensions
26/12/12 15:03:33 INFO  design - [performanceSpace:1356274766327]performance.3.1=1357
26/12/12 15:03:33 INFO  design - [performanceSpace:1356274766327]performance.3.2=1124
26/12/12 15:03:33 INFO  design - [performanceSpace:1356274766327]performance.3.3=1585
26/12/12 15:03:33 INFO  design - [performanceSpace:1356274766327]performance.4=an array of user defined dimensions
26/12/12 15:03:33 INFO  design - [performanceSpace:1356274766327]performance.4.1=1513
26/12/12 15:03:33 INFO  design - [performanceSpace:1356274766327]performance.4.2=1280
26/12/12 15:03:33 INFO  design - [performanceSpace:1356274766327]performance.4.3=1215
26/12/12 15:03:33 INFO  design - [performanceSpace:1356274766327]performance.5=an array of user defined dimensions
26/12/12 15:03:33 INFO  design - [performanceSpace:1356274766327]performance.5.1=1026
26/12/12 15:03:33 INFO  design - [performanceSpace:1356274766327]performance.5.2=1051
26/12/12 15:03:33 INFO  design - [performanceSpace:1356274766327]performance.5.3=1115
26/12/12 15:03:33 INFO  design - Importing design '1356274766327' for space 'performanceSpace'.
26/12/12 15:03:33 INFO  space - Importing design space 'poolInvestigation' defining 9 parameters.
26/12/12 15:03:33 INFO  design - [poolInvestigation:investigation1]amountTasks=10
26/12/12 15:03:33 INFO  design - [poolInvestigation:investigation1]executions=3
26/12/12 15:03:33 INFO  design - [poolInvestigation:investigation1]poolSize=an array of user defined dimensions
26/12/12 15:03:33 INFO  design - [poolInvestigation:investigation1]poolSize.1=1
26/12/12 15:03:33 INFO  design - [poolInvestigation:investigation1]poolSize.2=2
26/12/12 15:03:33 INFO  design - [poolInvestigation:investigation1]poolSize.3=8
26/12/12 15:03:33 INFO  design - [poolInvestigation:investigation1]poolSize.4=9
26/12/12 15:03:33 INFO  design - [poolInvestigation:investigation1]poolSize.5=10
26/12/12 15:03:33 INFO  design - [poolInvestigation:investigation1]task=someJob
26/12/12 15:03:33 INFO  design - [poolInvestigation:investigation1]task.someJob.firstValue=100000000
26/12/12 15:03:33 INFO  design - [poolInvestigation:investigation1]task.someJob.secondValue=4000000
26/12/12 15:03:33 INFO  design - [poolInvestigation:investigation1]task.someJob.option=some
26/12/12 15:03:33 INFO  design - Importing design 'investigation1' for space 'poolInvestigation'.
26/12/12 15:04:14 INFO  space - Importing design space 'config' defining 11 parameters.
26/12/12 15:04:14 INFO  design - [config:config]evaluator=javascript
26/12/12 15:04:14 INFO  design - [config:config]random=standard
26/12/12 15:04:14 INFO  design - [config:config]threadSafe=false
26/12/12 15:04:14 INFO  design - [config:config]logging=true
26/12/12 15:04:14 INFO  design - [config:config]injection=true
26/12/12 15:04:14 INFO  design - [config:config]runtimeValidation=false
26/12/12 15:04:14 INFO  design - [config:config]schemaPath=http://TheInPUT.org/
26/12/12 15:04:14 INFO  space - Importing design space 'performanceSpace' defining 1 parameters.
26/12/12 15:04:14 INFO  design - [performanceSpace:1356274766327]performance=an array of user defined dimensions
26/12/12 15:04:14 INFO  design - [performanceSpace:1356274766327]performance.1=an array of user defined dimensions
26/12/12 15:04:14 INFO  design - [performanceSpace:1356274766327]performance.1.1=2544
26/12/12 15:04:14 INFO  design - [performanceSpace:1356274766327]performance.1.2=1808
26/12/12 15:04:14 INFO  design - [performanceSpace:1356274766327]performance.1.3=2501
26/12/12 15:04:14 INFO  design - [performanceSpace:1356274766327]performance.2=an array of user defined dimensions
26/12/12 15:04:14 INFO  design - [performanceSpace:1356274766327]performance.2.1=1263
26/12/12 15:04:14 INFO  design - [performanceSpace:1356274766327]performance.2.2=1154
26/12/12 15:04:14 INFO  design - [performanceSpace:1356274766327]performance.2.3=1041
26/12/12 15:04:14 INFO  design - [performanceSpace:1356274766327]performance.3=an array of user defined dimensions
26/12/12 15:04:14 INFO  design - [performanceSpace:1356274766327]performance.3.1=1357
26/12/12 15:04:14 INFO  design - [performanceSpace:1356274766327]performance.3.2=1124
26/12/12 15:04:14 INFO  design - [performanceSpace:1356274766327]performance.3.3=1585
26/12/12 15:04:14 INFO  design - [performanceSpace:1356274766327]performance.4=an array of user defined dimensions
26/12/12 15:04:14 INFO  design - [performanceSpace:1356274766327]performance.4.1=1513
26/12/12 15:04:14 INFO  design - [performanceSpace:1356274766327]performance.4.2=1280
26/12/12 15:04:14 INFO  design - [performanceSpace:1356274766327]performance.4.3=1215
26/12/12 15:04:14 INFO  design - [performanceSpace:1356274766327]performance.5=an array of user defined dimensions
26/12/12 15:04:14 INFO  design - [performanceSpace:1356274766327]performance.5.1=1026
26/12/12 15:04:14 INFO  design - [performanceSpace:1356274766327]performance.5.2=1051
26/12/12 15:04:14 INFO  design - [performanceSpace:1356274766327]performance.5.3=1115
26/12/12 15:04:14 INFO  design - Importing design '1356274766327' for space 'performanceSpace'.
26/12/12 15:04:14 INFO  space - Importing design space 'poolInvestigation' defining 9 parameters.
26/12/12 15:04:14 INFO  design - [poolInvestigation:investigation1]amountTasks=10
26/12/12 15:04:14 INFO  design - [poolInvestigation:investigation1]executions=3
26/12/12 15:04:14 INFO  design - [poolInvestigation:investigation1]poolSize=an array of user defined dimensions
26/12/12 15:04:14 INFO  design - [poolInvestigation:investigation1]poolSize.1=1
26/12/12 15:04:14 INFO  design - [poolInvestigation:investigation1]poolSize.2=2
26/12/12 15:04:14 INFO  design - [poolInvestigation:investigation1]poolSize.3=8
26/12/12 15:04:14 INFO  design - [poolInvestigation:investigation1]poolSize.4=9
26/12/12 15:04:14 INFO  design - [poolInvestigation:investigation1]poolSize.5=10
26/12/12 15:04:14 INFO  design - [poolInvestigation:investigation1]task=someJob
26/12/12 15:04:14 INFO  design - [poolInvestigation:investigation1]task.someJob.firstValue=100000000
26/12/12 15:04:14 INFO  design - [poolInvestigation:investigation1]task.someJob.secondValue=4000000
26/12/12 15:04:14 INFO  design - [poolInvestigation:investigation1]task.someJob.option=some
26/12/12 15:04:14 INFO  design - Importing design 'investigation1' for space 'poolInvestigation'.
26/12/12 15:04:33 INFO  space - Importing design space 'config' defining 11 parameters.
26/12/12 15:04:33 INFO  design - [config:config]evaluator=javascript
26/12/12 15:04:33 INFO  design - [config:config]random=standard
26/12/12 15:04:33 INFO  design - [config:config]threadSafe=false
26/12/12 15:04:33 INFO  design - [config:config]logging=true
26/12/12 15:04:33 INFO  design - [config:config]injection=true
26/12/12 15:04:33 INFO  design - [config:config]runtimeValidation=false
26/12/12 15:04:33 INFO  design - [config:config]schemaPath=http://TheInPUT.org/
26/12/12 15:04:33 INFO  space - Importing design space 'performanceSpace' defining 1 parameters.
26/12/12 15:04:33 INFO  design - [performanceSpace:1356274766327]performance=an array of user defined dimensions
26/12/12 15:04:33 INFO  design - [performanceSpace:1356274766327]performance.1=an array of user defined dimensions
26/12/12 15:04:33 INFO  design - [performanceSpace:1356274766327]performance.1.1=2544
26/12/12 15:04:33 INFO  design - [performanceSpace:1356274766327]performance.1.2=1808
26/12/12 15:04:33 INFO  design - [performanceSpace:1356274766327]performance.1.3=2501
26/12/12 15:04:33 INFO  design - [performanceSpace:1356274766327]performance.2=an array of user defined dimensions
26/12/12 15:04:33 INFO  design - [performanceSpace:1356274766327]performance.2.1=1263
26/12/12 15:04:33 INFO  design - [performanceSpace:1356274766327]performance.2.2=1154
26/12/12 15:04:33 INFO  design - [performanceSpace:1356274766327]performance.2.3=1041
26/12/12 15:04:33 INFO  design - [performanceSpace:1356274766327]performance.3=an array of user defined dimensions
26/12/12 15:04:33 INFO  design - [performanceSpace:1356274766327]performance.3.1=1357
26/12/12 15:04:33 INFO  design - [performanceSpace:1356274766327]performance.3.2=1124
26/12/12 15:04:33 INFO  design - [performanceSpace:1356274766327]performance.3.3=1585
26/12/12 15:04:33 INFO  design - [performanceSpace:1356274766327]performance.4=an array of user defined dimensions
26/12/12 15:04:33 INFO  design - [performanceSpace:1356274766327]performance.4.1=1513
26/12/12 15:04:33 INFO  design - [performanceSpace:1356274766327]performance.4.2=1280
26/12/12 15:04:33 INFO  design - [performanceSpace:1356274766327]performance.4.3=1215
26/12/12 15:04:33 INFO  design - [performanceSpace:1356274766327]performance.5=an array of user defined dimensions
26/12/12 15:04:33 INFO  design - [performanceSpace:1356274766327]performance.5.1=1026
26/12/12 15:04:33 INFO  design - [performanceSpace:1356274766327]performance.5.2=1051
26/12/12 15:04:33 INFO  design - [performanceSpace:1356274766327]performance.5.3=1115
26/12/12 15:04:33 INFO  design - Importing design '1356274766327' for space 'performanceSpace'.
26/12/12 15:04:33 INFO  space - Importing design space 'poolInvestigation' defining 9 parameters.
26/12/12 15:04:33 INFO  design - [poolInvestigation:investigation1]amountTasks=10
26/12/12 15:04:33 INFO  design - [poolInvestigation:investigation1]executions=3
26/12/12 15:04:33 INFO  design - [poolInvestigation:investigation1]poolSize=an array of user defined dimensions
26/12/12 15:04:33 INFO  design - [poolInvestigation:investigation1]poolSize.1=1
26/12/12 15:04:33 INFO  design - [poolInvestigation:investigation1]poolSize.2=2
26/12/12 15:04:33 INFO  design - [poolInvestigation:investigation1]poolSize.3=8
26/12/12 15:04:33 INFO  design - [poolInvestigation:investigation1]poolSize.4=9
26/12/12 15:04:33 INFO  design - [poolInvestigation:investigation1]poolSize.5=10
26/12/12 15:04:33 INFO  design - [poolInvestigation:investigation1]task=someJob
26/12/12 15:04:33 INFO  design - [poolInvestigation:investigation1]task.someJob.firstValue=100000000
26/12/12 15:04:33 INFO  design - [poolInvestigation:investigation1]task.someJob.secondValue=4000000
26/12/12 15:04:33 INFO  design - [poolInvestigation:investigation1]task.someJob.option=some
26/12/12 15:04:33 INFO  design - Importing design 'investigation1' for space 'poolInvestigation'.
26/12/12 15:06:44 INFO  space - Importing design space 'config' defining 11 parameters.
26/12/12 15:06:44 INFO  design - config.evaluator=javascript
26/12/12 15:06:44 INFO  design - config.random=standard
26/12/12 15:06:44 INFO  design - config.threadSafe=false
26/12/12 15:06:44 INFO  design - config.logging=true
26/12/12 15:06:44 INFO  design - config.injection=true
26/12/12 15:06:44 INFO  design - config.runtimeValidation=false
26/12/12 15:06:44 INFO  design - config.schemaPath=http://TheInPUT.org/
26/12/12 15:06:44 INFO  space - Importing design space 'performanceSpace' defining 1 parameters.
26/12/12 15:06:44 INFO  design - 1356274766327.performance=an array of user defined dimensions
26/12/12 15:06:44 INFO  design - 1356274766327.performance.1=an array of user defined dimensions
26/12/12 15:06:44 INFO  design - 1356274766327.performance.1.1=2544
26/12/12 15:06:44 INFO  design - 1356274766327.performance.1.2=1808
26/12/12 15:06:44 INFO  design - 1356274766327.performance.1.3=2501
26/12/12 15:06:44 INFO  design - 1356274766327.performance.2=an array of user defined dimensions
26/12/12 15:06:44 INFO  design - 1356274766327.performance.2.1=1263
26/12/12 15:06:44 INFO  design - 1356274766327.performance.2.2=1154
26/12/12 15:06:44 INFO  design - 1356274766327.performance.2.3=1041
26/12/12 15:06:44 INFO  design - 1356274766327.performance.3=an array of user defined dimensions
26/12/12 15:06:44 INFO  design - 1356274766327.performance.3.1=1357
26/12/12 15:06:44 INFO  design - 1356274766327.performance.3.2=1124
26/12/12 15:06:44 INFO  design - 1356274766327.performance.3.3=1585
26/12/12 15:06:44 INFO  design - 1356274766327.performance.4=an array of user defined dimensions
26/12/12 15:06:44 INFO  design - 1356274766327.performance.4.1=1513
26/12/12 15:06:44 INFO  design - 1356274766327.performance.4.2=1280
26/12/12 15:06:44 INFO  design - 1356274766327.performance.4.3=1215
26/12/12 15:06:44 INFO  design - 1356274766327.performance.5=an array of user defined dimensions
26/12/12 15:06:44 INFO  design - 1356274766327.performance.5.1=1026
26/12/12 15:06:44 INFO  design - 1356274766327.performance.5.2=1051
26/12/12 15:06:44 INFO  design - 1356274766327.performance.5.3=1115
26/12/12 15:06:44 INFO  design - Importing design '1356274766327' for space 'performanceSpace'.
26/12/12 15:06:44 INFO  space - Importing design space 'poolInvestigation' defining 9 parameters.
26/12/12 15:06:44 INFO  design - investigation1.amountTasks=10
26/12/12 15:06:44 INFO  design - investigation1.executions=3
26/12/12 15:06:44 INFO  design - investigation1.poolSize=an array of user defined dimensions
26/12/12 15:06:44 INFO  design - investigation1.poolSize.1=1
26/12/12 15:06:44 INFO  design - investigation1.poolSize.2=2
26/12/12 15:06:44 INFO  design - investigation1.poolSize.3=8
26/12/12 15:06:44 INFO  design - investigation1.poolSize.4=9
26/12/12 15:06:44 INFO  design - investigation1.poolSize.5=10
26/12/12 15:06:44 INFO  design - investigation1.task=someJob
26/12/12 15:06:44 INFO  design - investigation1.task.someJob.firstValue=100000000
26/12/12 15:06:44 INFO  design - investigation1.task.someJob.secondValue=4000000
26/12/12 15:06:44 INFO  design - investigation1.task.someJob.option=some
26/12/12 15:06:44 INFO  design - Importing design 'investigation1' for space 'poolInvestigation'.
